<?xml version="1.0" encoding="UTF-8"?>
<!-- Generated by org.testng.reporters.JUnitReportReporter -->
<testsuite hostname="Muntasir" failures="0" tests="2" name="TestNG.testNG_TN_Login_DataProvider" time="36.264" errors="0" timestamp="2024-02-19T16:03:42 BDT" skipped="0">
  <testcase classname="TestNG.testNG_TN_Login_DataProvider" name="testLogin" time="17.536"/>
  <testcase classname="TestNG.testNG_TN_Login_DataProvider" name="testLogin" time="18.728"/>
  <system-out>
    <![CDATA[Browser Launch..
Webpage open..
Browser Launch..
Webpage open..]]>
  </system-out>
</testsuite> <!-- TestNG.testNG_TN_Login_DataProvider -->
