<?xml version="1.0" encoding="UTF-8"?>
<!-- Generated by org.testng.reporters.JUnitReportReporter -->
<testsuite hostname="Muntasir" failures="0" tests="2" name="TestNG.testNG_TN_Login_DataProvider" time="31.332" errors="0" timestamp="2024-02-28T15:15:04 BDT" skipped="0">
  <testcase classname="TestNG.testNG_TN_Login_DataProvider" name="testLogin" time="13.859"/>
  <testcase classname="TestNG.testNG_TN_Login_DataProvider" name="testLogin" time="17.473"/>
  <system-out>
    <![CDATA[Browser Launch..
Webpage open..
Browser Launch..
Webpage open..]]>
  </system-out>
</testsuite> <!-- TestNG.testNG_TN_Login_DataProvider -->
