<?xml version="1.0" encoding="UTF-8"?>
<!-- Generated by org.testng.reporters.JUnitReportReporter -->
<testsuite hostname="Muntasir" failures="0" tests="1" name="TestNG.TestNG_TN_Product_search_Parameter" time="18.435" errors="0" timestamp="2024-02-19T15:36:12 BDT" skipped="0">
  <testcase classname="TestNG.TestNG_TN_Product_search_Parameter" name="TC_01_Product_Search_Valid" time="18.435">
    <system-out>
      <![CDATA[Search by iPhone
Add Quantity 10
Click add to cart.]]>
    </system-out>
  </testcase> <!-- TC_01_Product_Search_Valid -->
  <system-out>
    <![CDATA[Browser Launch..
Webpage open..
Search by iPhone
Add Quantity 10
Click add to cart.]]>
  </system-out>
</testsuite> <!-- TestNG.TestNG_TN_Product_search_Parameter -->
